<?xml version="1.0" encoding="UTF-8"?>
<!-- Generated by org.testng.reporters.JUnitXMLReporter -->
<testsuite hostname="DESKTOP-4TQEC9G" ignored="2" name="Default test(failed)" tests="1" failures="1" timestamp="10 Dec 2019 04:17:57 GMT" time="19.178" errors="0">
  <testcase name="verifyLoginTest" time="7.762" classname="com.qa.hubspot.tests.LoginPageTest">
    <failure type="java.lang.NullPointerException">
      <![CDATA[java.lang.NullPointerException
at com.qa.hubspot.tests.LoginPageTest.verifyLoginTest(LoginPageTest.java:55)
... Removed 25 stack frames]]>
    </failure>
  </testcase> <!-- verifyLoginTest -->
  <testcase name="verifyLoginPageTitleTest" time="0.0" classname="com.qa.hubspot.tests.LoginPageTest">
    <ignored/>
  </testcase> <!-- verifyLoginPageTitleTest -->
  <testcase name="verifySignUpLinkTest" time="0.0" classname="com.qa.hubspot.tests.LoginPageTest">
    <ignored/>
  </testcase> <!-- verifySignUpLinkTest -->
</testsuite> <!-- Default test(failed) -->
